WARNING:2025-06-06 11:05:40,744:jax._src.xla_bridge:791: An NVIDIA GPU may be present on this machine, but a CUDA-enabled jaxlib is not installed. Falling back to cpu.
WARNING:2025-06-06 11:05:46,620:jax._src.xla_bridge:791: An NVIDIA GPU may be present on this machine, but a CUDA-enabled jaxlib is not installed. Falling back to cpu.
Traceback (most recent call last):
  File "/cephfs/store/gr-mc2473/jl2268/JAX_NestedSampling_Stream/main.py", line 45, in <module>
    state = algo.init(initial_particles)
  File "/cephfs/store/gr-mc2473/jl2268/JAX_NestedSampling_Stream/David/lib/python3.10/site-packages/blackjax/ns/adaptive.py", line 69, in init
    state = base_init(particles, logprior_fn, loglikelihood_fn, loglikelihood_birth)
  File "/cephfs/store/gr-mc2473/jl2268/JAX_NestedSampling_Stream/David/lib/python3.10/site-packages/blackjax/ns/base.py", line 239, in init
    loglikelihood = jax.vmap(loglikelihood_fn)(particles)
  File "/cephfs/store/gr-mc2473/jl2268/JAX_NestedSampling_Stream/David/lib/python3.10/site-packages/jax/_src/traceback_util.py", line 182, in reraise_with_filtered_traceback
    return fun(*args, **kwargs)
  File "/cephfs/store/gr-mc2473/jl2268/JAX_NestedSampling_Stream/David/lib/python3.10/site-packages/jax/_src/api.py", line 1127, in vmap_f
    out_flat = batching.batch(
  File "/cephfs/store/gr-mc2473/jl2268/JAX_NestedSampling_Stream/David/lib/python3.10/site-packages/jax/_src/linear_util.py", line 211, in call_wrapped
    return self.f_transformed(*args, **kwargs)
  File "/cephfs/store/gr-mc2473/jl2268/JAX_NestedSampling_Stream/David/lib/python3.10/site-packages/jax/_src/interpreters/batching.py", line 609, in _batch_outer
    outs, trace = f(tag, in_dims, *in_vals)
  File "/cephfs/store/gr-mc2473/jl2268/JAX_NestedSampling_Stream/David/lib/python3.10/site-packages/jax/_src/interpreters/batching.py", line 625, in _batch_inner
    outs = f(*in_tracers)
  File "/cephfs/store/gr-mc2473/jl2268/JAX_NestedSampling_Stream/David/lib/python3.10/site-packages/jax/_src/interpreters/batching.py", line 340, in flatten_fun_for_vmap
    ans = f(*py_args, **py_kwargs)
  File "/cephfs/store/gr-mc2473/jl2268/JAX_NestedSampling_Stream/David/lib/python3.10/site-packages/jax/_src/linear_util.py", line 402, in _get_result_paths_thunk
    ans = _fun(*args, **kwargs)
  File "/cephfs/store/gr-mc2473/jl2268/JAX_NestedSampling_Stream/David/lib/python3.10/site-packages/jax/_src/traceback_util.py", line 182, in reraise_with_filtered_traceback
    return fun(*args, **kwargs)
  File "/cephfs/store/gr-mc2473/jl2268/JAX_NestedSampling_Stream/David/lib/python3.10/site-packages/jax/_src/pjit.py", line 334, in cache_miss
    executable, pgle_profiler) = _python_pjit_helper(fun, jit_info, *args, **kwargs)
  File "/cephfs/store/gr-mc2473/jl2268/JAX_NestedSampling_Stream/David/lib/python3.10/site-packages/jax/_src/pjit.py", line 181, in _python_pjit_helper
    p, args_flat = _infer_params(fun, jit_info, args, kwargs)
  File "/cephfs/store/gr-mc2473/jl2268/JAX_NestedSampling_Stream/David/lib/python3.10/site-packages/jax/_src/pjit.py", line 718, in _infer_params
    return _infer_params_internal(fun, ji, args, kwargs)
  File "/cephfs/store/gr-mc2473/jl2268/JAX_NestedSampling_Stream/David/lib/python3.10/site-packages/jax/_src/pjit.py", line 742, in _infer_params_internal
    p, args_flat = _infer_params_impl(
  File "/cephfs/store/gr-mc2473/jl2268/JAX_NestedSampling_Stream/David/lib/python3.10/site-packages/jax/_src/pjit.py", line 638, in _infer_params_impl
    jaxpr, consts, out_avals, attrs_tracked = _create_pjit_jaxpr(
  File "/cephfs/store/gr-mc2473/jl2268/JAX_NestedSampling_Stream/David/lib/python3.10/site-packages/jax/_src/linear_util.py", line 477, in memoized_fun
    ans = call(fun, *args)
  File "/cephfs/store/gr-mc2473/jl2268/JAX_NestedSampling_Stream/David/lib/python3.10/site-packages/jax/_src/pjit.py", line 1446, in _create_pjit_jaxpr
    jaxpr, global_out_avals, consts, attrs_tracked = pe.trace_to_jaxpr_dynamic(
  File "/cephfs/store/gr-mc2473/jl2268/JAX_NestedSampling_Stream/David/lib/python3.10/site-packages/jax/_src/profiler.py", line 354, in wrapper
    return func(*args, **kwargs)
  File "/cephfs/store/gr-mc2473/jl2268/JAX_NestedSampling_Stream/David/lib/python3.10/site-packages/jax/_src/interpreters/partial_eval.py", line 2223, in trace_to_jaxpr_dynamic
    ans = fun.call_wrapped(*in_tracers)
  File "/cephfs/store/gr-mc2473/jl2268/JAX_NestedSampling_Stream/David/lib/python3.10/site-packages/jax/_src/linear_util.py", line 211, in call_wrapped
    return self.f_transformed(*args, **kwargs)
  File "/cephfs/store/gr-mc2473/jl2268/JAX_NestedSampling_Stream/David/lib/python3.10/site-packages/jax/_src/api_util.py", line 288, in _argnums_partial
    return _fun(*args, **kwargs)
  File "/cephfs/store/gr-mc2473/jl2268/JAX_NestedSampling_Stream/David/lib/python3.10/site-packages/jax/_src/api_util.py", line 73, in flatten_fun
    ans = f(*py_args, **py_kwargs)
  File "/cephfs/store/gr-mc2473/jl2268/JAX_NestedSampling_Stream/David/lib/python3.10/site-packages/jax/_src/linear_util.py", line 402, in _get_result_paths_thunk
    ans = _fun(*args, **kwargs)
TypeError: loglikelihood() missing 1 required positional argument: 'dict_data'
